mode: set
github.com/xxxtonixxx/goScrum/controlador/api/api.go:18.62,20.23 2 0
github.com/xxxtonixxx/goScrum/controlador/api/api.go:20.23,25.17 4 0
github.com/xxxtonixxx/goScrum/controlador/api/api.go:25.17,27.4 1 0
github.com/xxxtonixxx/goScrum/controlador/api/api.go:27.4,27.33 1 0
github.com/xxxtonixxx/goScrum/controlador/api/api.go:27.33,29.4 1 0
github.com/xxxtonixxx/goScrum/controlador/api/api.go:29.4,31.4 1 0
github.com/xxxtonixxx/goScrum/controlador/api/api.go:33.3,35.3 1 0
github.com/xxxtonixxx/goScrum/controlador/api/api.go:38.64,51.18 11 0
github.com/xxxtonixxx/goScrum/controlador/api/api.go:94.2,94.20 1 0
github.com/xxxtonixxx/goScrum/controlador/api/api.go:52.2,54.21 2 0
github.com/xxxtonixxx/goScrum/controlador/api/api.go:59.3,60.36 2 0
github.com/xxxtonixxx/goScrum/controlador/api/api.go:61.2,63.24 2 0
github.com/xxxtonixxx/goScrum/controlador/api/api.go:89.2,91.9 2 0
github.com/xxxtonixxx/goScrum/controlador/api/api.go:54.21,57.4 2 0
github.com/xxxtonixxx/goScrum/controlador/api/api.go:64.3,67.54 3 0
github.com/xxxtonixxx/goScrum/controlador/api/api.go:68.3,70.47 2 0
github.com/xxxtonixxx/goScrum/controlador/api/api.go:71.3,74.38 3 0
github.com/xxxtonixxx/goScrum/controlador/api/api.go:94.20,96.3 1 0
github.com/xxxtonixxx/goScrum/controlador/api/api.go:96.3,96.24 1 0
github.com/xxxtonixxx/goScrum/controlador/api/api.go:96.24,98.3 1 0
github.com/xxxtonixxx/goScrum/controlador/api/api.go:98.3,100.3 1 0
github.com/xxxtonixxx/goScrum/controlador/api/api.go:103.36,106.32 3 1
github.com/xxxtonixxx/goScrum/controlador/api/api.go:112.2,112.13 1 1
github.com/xxxtonixxx/goScrum/controlador/api/api.go:106.32,107.14 1 1
github.com/xxxtonixxx/goScrum/controlador/api/api.go:107.14,109.4 1 1
github.com/xxxtonixxx/goScrum/controlador/api/api.go:115.65,119.16 3 1
github.com/xxxtonixxx/goScrum/controlador/api/api.go:125.2,126.16 2 1
github.com/xxxtonixxx/goScrum/controlador/api/api.go:119.16,123.3 3 1
github.com/xxxtonixxx/goScrum/controlador/api/api.go:129.65,133.16 3 1
github.com/xxxtonixxx/goScrum/controlador/api/api.go:139.2,140.16 2 1
github.com/xxxtonixxx/goScrum/controlador/api/api.go:133.16,137.3 3 1
github.com/xxxtonixxx/goScrum/controlador/api/api.go:143.80,146.16 3 1
github.com/xxxtonixxx/goScrum/controlador/api/api.go:157.2,160.16 4 1
github.com/xxxtonixxx/goScrum/controlador/api/api.go:146.16,148.17 2 1
github.com/xxxtonixxx/goScrum/controlador/api/api.go:148.17,152.4 3 0
github.com/xxxtonixxx/goScrum/controlador/api/api.go:153.3,155.3 1 0
github.com/xxxtonixxx/goScrum/controlador/api/api.go:163.92,165.20 2 1
github.com/xxxtonixxx/goScrum/controlador/api/api.go:169.2,170.24 2 1
github.com/xxxtonixxx/goScrum/controlador/api/api.go:177.2,179.16 3 1
github.com/xxxtonixxx/goScrum/controlador/api/api.go:185.2,187.19 2 1
github.com/xxxtonixxx/goScrum/controlador/api/api.go:165.20,167.3 1 1
github.com/xxxtonixxx/goScrum/controlador/api/api.go:170.24,172.21 2 1
github.com/xxxtonixxx/goScrum/controlador/api/api.go:172.21,174.4 1 0
github.com/xxxtonixxx/goScrum/controlador/api/api.go:179.16,183.3 3 0
github.com/xxxtonixxx/goScrum/controlador/api/api.go:190.64,193.16 3 1
github.com/xxxtonixxx/goScrum/controlador/api/api.go:200.2,200.19 1 0
github.com/xxxtonixxx/goScrum/controlador/api/api.go:193.16,198.3 3 1
github.com/xxxtonixxx/goScrum/controlador/api/api.go:218.90,222.27 4 1
github.com/xxxtonixxx/goScrum/controlador/api/api.go:238.2,238.22 1 1
github.com/xxxtonixxx/goScrum/controlador/api/api.go:222.27,223.12 1 1
github.com/xxxtonixxx/goScrum/controlador/api/api.go:224.3,226.17 2 1
github.com/xxxtonixxx/goScrum/controlador/api/api.go:227.3,228.21 1 1
github.com/xxxtonixxx/goScrum/controlador/api/api.go:229.3,230.18 1 1
